10:05:06 **** Updating project Hello_World: project created
Project updated successfully

10:05:06 **** Updating project Hello_World: project refresh
Project updated successfully

10:05:07 **** Updating project Hello_World: project created
Project updated successfully

10:05:07 **** Updating project Hello_World: project refresh
Project updated successfully

10:05:31 **** Updating project Hello_World: initial project load
Project updated successfully

10:05:32 **** Updating project Hello_World: project created
Project updated successfully

10:05:32 **** Updating project Hello_World: project refresh
Project updated successfully

10:05:34 **** Updating project Hello_World: project created
Project updated successfully

10:05:34 **** Updating project Hello_World: project refresh
Project updated successfully

10:07:12 **** Updating project lwIPExample: project created
Project updated successfully

10:07:12 **** Updating project lwIPExample: project refresh
Project updated successfully

10:07:58 **** Updating project lwIPExample: Configuration file [lwIPExample.rteconfig] is saved
Project updated successfully

10:08:21 **** Updating project Hello_World: initial project load
Project updated successfully

10:08:21 **** Updating project lwIPExample: initial project load
Project updated successfully

10:10:27 **** Updating project lwIPExample: initial project load
Project updated successfully

10:10:27 **** Updating project lwIPExample: project created
Project updated successfully

10:10:28 **** Updating project lwIPExample: project refresh
Project updated successfully

10:11:17 **** Updating project lwIPExample: initial project load
Project updated successfully

10:11:17 **** Updating project lwIPExample: project created
Project updated successfully

10:11:18 **** Updating project lwIPExample: project refresh
Project updated successfully

10:21:38 **** Updating project lwIPExample: initial project load
Project updated successfully

10:21:39 **** Updating project lwIPExample: project created
Project updated successfully

10:21:39 **** Updating project lwIPExample: project refresh
Project updated successfully

14:04:08 **** Updating project lwIPExample: initial project load
Project updated successfully

14:04:09 **** Updating project lwIPExample: project created
Project updated successfully

14:04:09 **** Updating project lwIPExample: project refresh
Project updated successfully

08:27:20 **** Updating project lwIPExample: initial project load
Project updated successfully

08:27:20 **** Updating project lwIPExample: project created
Project updated successfully

08:27:21 **** Updating project lwIPExample: project refresh
Project updated successfully

11:06:09 **** Updating project lwIPExample: initial project load
Project updated successfully

11:06:10 **** Updating project lwIPExample: project created
Project updated successfully

11:06:10 **** Updating project lwIPExample: project refresh
Project updated successfully

11:28:56 **** Updating project lwIPExample: initial project load
Project updated successfully

11:28:56 **** Updating project lwIPExample: project created
Project updated successfully

11:28:57 **** Updating project lwIPExample: project refresh
Project updated successfully

11:43:22 **** Updating project lwIPExample: initial project load
Project updated successfully

11:43:23 **** Updating project lwIPExample: project created
Project updated successfully

11:43:23 **** Updating project lwIPExample: project refresh
Project updated successfully

11:44:52 **** Updating project lwIPExample: initial project load
Project updated successfully

11:44:52 **** Updating project lwIPExample: project created
Project updated successfully

11:44:53 **** Updating project lwIPExample: project refresh
Project updated successfully

13:07:11 **** Updating project lwIPExample: initial project load
Project updated successfully

13:07:12 **** Updating project lwIPExample: project created
Project updated successfully

13:07:13 **** Updating project lwIPExample: project refresh
Project updated successfully

13:09:30 **** Updating project lwIPExample: initial project load
Project updated successfully

13:09:30 **** Updating project lwIPExample: project created
Project updated successfully

13:09:31 **** Updating project lwIPExample: project refresh
Project updated successfully

13:10:36 **** Updating project lwIPExample: initial project load
Project updated successfully

13:10:36 **** Updating project lwIPExample: project created
Project updated successfully

13:10:36 **** Updating project lwIPExample: project refresh
Project updated successfully

13:11:29 **** Updating project lwIPExample: initial project load
Project updated successfully

13:11:29 **** Updating project lwIPExample: project created
Project updated successfully

13:11:29 **** Updating project lwIPExample: project refresh
Project updated successfully

13:14:14 **** Updating project lwIPExample: initial project load
Project updated successfully

13:14:14 **** Updating project lwIPExample: project created
Project updated successfully

13:14:15 **** Updating project lwIPExample: project refresh
Project updated successfully

